<?xml version="1.0" encoding="utf-8"?><testsuites name="pytest tests"><testsuite name="pytest" errors="0" failures="0" skipped="0" tests="21" time="5.891" timestamp="2026-03-11T22:28:10.316332+00:00" hostname="agent-env-f4a17cbc-047d-4392-90c2-cb89ef36e28b"><testcase classname="backend.tests.test_phase135_alpha_graph.TestAlphaGraphHealth" name="test_health_endpoint" time="0.296" /><testcase classname="backend.tests.test_phase135_alpha_graph.TestAlphaGraphHealth" name="test_stats_endpoint" time="0.167" /><testcase classname="backend.tests.test_phase135_alpha_graph.TestAlphaGraphNodes" name="test_get_nodes_default" time="0.165" /><testcase classname="backend.tests.test_phase135_alpha_graph.TestAlphaGraphNodes" name="test_get_nodes_with_family_filter" time="0.182" /><testcase classname="backend.tests.test_phase135_alpha_graph.TestAlphaGraphNodes" name="test_get_nodes_with_limit" time="0.172" /><testcase classname="backend.tests.test_phase135_alpha_graph.TestAlphaGraphEdges" name="test_get_edges_default" time="0.188" /><testcase classname="backend.tests.test_phase135_alpha_graph.TestAlphaGraphEdges" name="test_get_edges_by_relation_type" time="0.158" /><testcase classname="backend.tests.test_phase135_alpha_graph.TestAlphaGraphEdges" name="test_get_edges_supports_type" time="0.131" /><testcase classname="backend.tests.test_phase135_alpha_graph.TestAlphaGraphRelationTypes" name="test_get_relation_types" time="0.161" /><testcase classname="backend.tests.test_phase135_alpha_graph.TestAlphaGraphReasoning" name="test_reason_with_supporting_factors" time="0.449" /><testcase classname="backend.tests.test_phase135_alpha_graph.TestAlphaGraphReasoning" name="test_reason_with_conflicting_factors" time="0.420" /><testcase classname="backend.tests.test_phase135_alpha_graph.TestAlphaGraphReasoning" name="test_reason_with_single_factor" time="0.277" /><testcase classname="backend.tests.test_phase135_alpha_graph.TestAlphaGraphReasoning" name="test_reason_empty_factors_fails" time="0.127" /><testcase classname="backend.tests.test_phase135_alpha_graph.TestAlphaGraphContext" name="test_get_node_context" time="0.288" /><testcase classname="backend.tests.test_phase135_alpha_graph.TestAlphaGraphContext" name="test_get_context_nonexistent_node" time="0.129" /><testcase classname="backend.tests.test_phase135_alpha_graph.TestAlphaGraphConflicts" name="test_get_conflicts" time="0.136" /><testcase classname="backend.tests.test_phase135_alpha_graph.TestAlphaGraphNetwork" name="test_get_support_network" time="0.314" /><testcase classname="backend.tests.test_phase135_alpha_graph.TestAlphaGraphSnapshots" name="test_get_snapshots" time="0.161" /><testcase classname="backend.tests.test_phase135_alpha_graph.TestAlphaGraphBuild" name="test_build_graph_without_clear" time="1.292" /><testcase classname="backend.tests.test_phase135_alpha_graph.TestAlphaGraphIntegration" name="test_factor_ranker_integration" time="0.366" /><testcase classname="backend.tests.test_phase135_alpha_graph.TestAlphaGraphIntegration" name="test_all_relation_types_present" time="0.155" /></testsuite></testsuites>