<?xml version="1.0" encoding="utf-8"?><testsuites name="pytest tests"><testsuite name="pytest" errors="0" failures="0" skipped="0" tests="24" time="6.967" timestamp="2026-03-11T22:45:48.748123+00:00" hostname="agent-env-f4a17cbc-047d-4392-90c2-cb89ef36e28b"><testcase classname="backend.tests.test_phase136_alpha_dag.TestAlphaDagHealth" name="test_health_endpoint" time="0.328" /><testcase classname="backend.tests.test_phase136_alpha_dag.TestAlphaDagBuild" name="test_build_dag" time="0.254" /><testcase classname="backend.tests.test_phase136_alpha_dag.TestAlphaDagBuild" name="test_build_dag_without_clear" time="0.453" /><testcase classname="backend.tests.test_phase136_alpha_dag.TestAlphaDagStats" name="test_get_stats" time="0.466" /><testcase classname="backend.tests.test_phase136_alpha_dag.TestAlphaDagNodes" name="test_get_nodes" time="0.135" /><testcase classname="backend.tests.test_phase136_alpha_dag.TestAlphaDagNodes" name="test_get_nodes_by_type_feature" time="0.132" /><testcase classname="backend.tests.test_phase136_alpha_dag.TestAlphaDagNodes" name="test_get_nodes_by_type_transform" time="0.140" /><testcase classname="backend.tests.test_phase136_alpha_dag.TestAlphaDagNodes" name="test_get_nodes_by_type_factor" time="0.132" /><testcase classname="backend.tests.test_phase136_alpha_dag.TestAlphaDagNodes" name="test_get_nodes_by_level" time="0.148" /><testcase classname="backend.tests.test_phase136_alpha_dag.TestAlphaDagNodes" name="test_get_nodes_with_limit" time="0.119" /><testcase classname="backend.tests.test_phase136_alpha_dag.TestAlphaDagEdges" name="test_get_edges" time="0.225" /><testcase classname="backend.tests.test_phase136_alpha_dag.TestAlphaDagEdges" name="test_get_edges_with_limit" time="0.121" /><testcase classname="backend.tests.test_phase136_alpha_dag.TestAlphaDagExecution" name="test_execute_dag" time="0.150" /><testcase classname="backend.tests.test_phase136_alpha_dag.TestAlphaDagExecution" name="test_execute_dag_caching" time="0.251" /><testcase classname="backend.tests.test_phase136_alpha_dag.TestAlphaDagExecution" name="test_execute_stream" time="0.122" /><testcase classname="backend.tests.test_phase136_alpha_dag.TestAlphaDagScheduling" name="test_get_execution_order" time="0.144" /><testcase classname="backend.tests.test_phase136_alpha_dag.TestAlphaDagScheduling" name="test_get_levels" time="0.162" /><testcase classname="backend.tests.test_phase136_alpha_dag.TestAlphaDagCache" name="test_get_cache_stats" time="0.118" /><testcase classname="backend.tests.test_phase136_alpha_dag.TestAlphaDagCache" name="test_clear_cache" time="0.236" /><testcase classname="backend.tests.test_phase136_alpha_dag.TestAlphaDagNodeTypes" name="test_get_node_types" time="0.130" /><testcase classname="backend.tests.test_phase136_alpha_dag.TestAlphaDagSnapshots" name="test_get_snapshots" time="0.142" /><testcase classname="backend.tests.test_phase136_alpha_dag.TestAlphaDagClear" name="test_clear_dag" time="0.649" /><testcase classname="backend.tests.test_phase136_alpha_dag.TestAlphaDagIntegration" name="test_full_workflow" time="1.041" /><testcase classname="backend.tests.test_phase136_alpha_dag.TestAlphaDagIntegration" name="test_execution_performance" time="0.988" /></testsuite></testsuites>