<?xml version="1.0" encoding="utf-8"?><testsuites name="pytest tests"><testsuite name="pytest" errors="0" failures="0" skipped="0" tests="40" time="3.855" timestamp="2026-03-12T00:40:10.531612+00:00" hostname="agent-env-bbfc54e6-3673-46b0-9c26-60eaf3dbd6f0"><testcase classname="tests.test_phase138_exchange_intelligence.TestEngineStatus" name="test_engines_status_returns_ok" time="0.287" /><testcase classname="tests.test_phase138_exchange_intelligence.TestEngineStatus" name="test_engines_status_has_all_six_engines" time="0.067" /><testcase classname="tests.test_phase138_exchange_intelligence.TestEngineStatus" name="test_engines_status_candles_available" time="0.058" /><testcase classname="tests.test_phase138_exchange_intelligence.TestEngineStatus" name="test_engines_status_has_version_and_module" time="0.064" /><testcase classname="tests.test_phase138_exchange_intelligence.TestExchangeContext" name="test_context_btc_returns_ok" time="0.068" /><testcase classname="tests.test_phase138_exchange_intelligence.TestExchangeContext" name="test_context_has_exchange_bias_field" time="0.063" /><testcase classname="tests.test_phase138_exchange_intelligence.TestExchangeContext" name="test_context_has_all_sub_signals" time="0.062" /><testcase classname="tests.test_phase138_exchange_intelligence.TestExchangeContext" name="test_context_confidence_between_0_and_1" time="0.064" /><testcase classname="tests.test_phase138_exchange_intelligence.TestExchangeContext" name="test_context_has_drivers_array" time="0.064" /><testcase classname="tests.test_phase138_exchange_intelligence.TestExchangeContext" name="test_context_risk_values_valid" time="0.060" /><testcase classname="tests.test_phase138_exchange_intelligence.TestFundingSignal" name="test_funding_btc_returns_ok" time="0.064" /><testcase classname="tests.test_phase138_exchange_intelligence.TestFundingSignal" name="test_funding_has_required_fields" time="0.065" /><testcase classname="tests.test_phase138_exchange_intelligence.TestFundingSignal" name="test_funding_crowding_risk_valid" time="0.064" /><testcase classname="tests.test_phase138_exchange_intelligence.TestFundingSignal" name="test_funding_confidence_valid" time="0.057" /><testcase classname="tests.test_phase138_exchange_intelligence.TestFundingSignal" name="test_funding_has_drivers_array" time="0.052" /><testcase classname="tests.test_phase138_exchange_intelligence.TestDerivativesSignal" name="test_derivatives_btc_returns_ok" time="0.059" /><testcase classname="tests.test_phase138_exchange_intelligence.TestDerivativesSignal" name="test_derivatives_has_required_fields" time="0.060" /><testcase classname="tests.test_phase138_exchange_intelligence.TestDerivativesSignal" name="test_derivatives_squeeze_probability_valid" time="0.079" /><testcase classname="tests.test_phase138_exchange_intelligence.TestDerivativesSignal" name="test_derivatives_has_long_short_ratio" time="0.061" /><testcase classname="tests.test_phase138_exchange_intelligence.TestLiquidationSignal" name="test_liquidation_btc_returns_ok" time="0.060" /><testcase classname="tests.test_phase138_exchange_intelligence.TestLiquidationSignal" name="test_liquidation_has_required_fields" time="0.054" /><testcase classname="tests.test_phase138_exchange_intelligence.TestLiquidationSignal" name="test_liquidation_cascade_probability_valid" time="0.061" /><testcase classname="tests.test_phase138_exchange_intelligence.TestLiquidationSignal" name="test_liquidation_zones_present" time="0.070" /><testcase classname="tests.test_phase138_exchange_intelligence.TestFlowSignal" name="test_flow_btc_returns_ok" time="0.071" /><testcase classname="tests.test_phase138_exchange_intelligence.TestFlowSignal" name="test_flow_has_required_fields" time="0.060" /><testcase classname="tests.test_phase138_exchange_intelligence.TestFlowSignal" name="test_flow_taker_buy_ratio_valid" time="0.066" /><testcase classname="tests.test_phase138_exchange_intelligence.TestFlowSignal" name="test_flow_aggressive_flow_valid" time="0.057" /><testcase classname="tests.test_phase138_exchange_intelligence.TestVolumeSignal" name="test_volume_btc_returns_ok" time="0.071" /><testcase classname="tests.test_phase138_exchange_intelligence.TestVolumeSignal" name="test_volume_has_required_fields" time="0.052" /><testcase classname="tests.test_phase138_exchange_intelligence.TestVolumeSignal" name="test_volume_ratio_valid" time="0.055" /><testcase classname="tests.test_phase138_exchange_intelligence.TestVolumeSignal" name="test_volume_anomaly_score_valid" time="0.051" /><testcase classname="tests.test_phase138_exchange_intelligence.TestHistoryEndpoint" name="test_history_btc_returns_ok" time="0.061" /><testcase classname="tests.test_phase138_exchange_intelligence.TestHistoryEndpoint" name="test_history_has_latest_context" time="0.061" /><testcase classname="tests.test_phase138_exchange_intelligence.TestHistoryEndpoint" name="test_history_has_count_fields" time="0.092" /><testcase classname="tests.test_phase138_exchange_intelligence.TestCrossEngineValidation" name="test_context_funding_state_matches_funding_signal" time="0.109" /><testcase classname="tests.test_phase138_exchange_intelligence.TestCrossEngineValidation" name="test_context_volume_state_matches_volume_signal" time="0.208" /><testcase classname="tests.test_phase138_exchange_intelligence.TestCrossEngineValidation" name="test_all_sub_signal_confidences_valid" time="0.054" /><testcase classname="tests.test_phase138_exchange_intelligence.TestDataIntegrity" name="test_all_signals_have_symbol_btc" time="0.267" /><testcase classname="tests.test_phase138_exchange_intelligence.TestDataIntegrity" name="test_all_signals_have_timestamp" time="0.308" /><testcase classname="tests.test_phase138_exchange_intelligence.TestDataIntegrity" name="test_all_drivers_are_lists" time="0.388" /></testsuite></testsuites>